<?xml version="1.0" encoding="UTF-8"?>
<testng-results skipped="0" failed="0" total="1" passed="1">
  <reporter-output>
  </reporter-output>
  <suite name="Default suite" duration-ms="57236" started-at="2019-08-03T07:08:42Z" finished-at="2019-08-03T07:09:39Z">
    <groups>
      <group name="cucumber">
        <method signature="AbstractTestNGCucumberTests.feature(cucumber.api.testng.CucumberFeatureWrapper)[pri:0, instance:testRunners.OrangehrmTestRunner@490ab905]" name="feature" class="cucumber.api.testng.AbstractTestNGCucumberTests"/>
      </group> <!-- cucumber -->
    </groups>
    <test name="Default test" duration-ms="57236" started-at="2019-08-03T07:08:42Z" finished-at="2019-08-03T07:09:39Z">
      <class name="testRunners.OrangehrmTestRunner">
        <test-method status="PASS" signature="setUpClass()[pri:0, instance:testRunners.OrangehrmTestRunner@490ab905]" name="setUpClass" is-config="true" duration-ms="380" started-at="2019-08-03T12:38:42Z" finished-at="2019-08-03T12:38:42Z">
          <reporter-output>
          </reporter-output>
        </test-method> <!-- setUpClass -->
        <test-method status="PASS" signature="feature(cucumber.api.testng.CucumberFeatureWrapper)[pri:0, instance:testRunners.OrangehrmTestRunner@490ab905]" name="feature" duration-ms="56057" started-at="2019-08-03T12:38:42Z" description="Runs Cucumber Feature" data-provider="features" finished-at="2019-08-03T12:39:38Z">
          <params>
            <param index="0">
              <value>
                <![CDATA[Admin Login]]>
              </value>
            </param>
          </params>
          <reporter-output>
          </reporter-output>
        </test-method> <!-- feature -->
        <test-method status="PASS" signature="tearDownClass()[pri:0, instance:testRunners.OrangehrmTestRunner@490ab905]" name="tearDownClass" is-config="true" duration-ms="648" started-at="2019-08-03T12:39:38Z" finished-at="2019-08-03T12:39:39Z">
          <reporter-output>
          </reporter-output>
        </test-method> <!-- tearDownClass -->
      </class> <!-- testRunners.OrangehrmTestRunner -->
    </test> <!-- Default test -->
  </suite> <!-- Default suite -->
</testng-results>
